Arguments: 
  /usr/local/bin/node /Users/yiroyi/.yarn/bin/yarnpkg install

PATH: 
  /Users/yiroyi/Desktop/HPS/springboard-retail/misc/dev-tools/bin:/Users/yiroyi/.yarn/bin:/Users/yiroyi/.config/yarn/global/node_modules/.bin:./bin:./node_modules/.bin:/Users/yiroyi/.pyenv/bin:/Users/yiroyi/.rbenv/shims:/Users/yiroyi/.rbenv/bin:/usr/local/bin:/usr/bin:/bin:/usr/sbin:/sbin:/Library/Apple/usr/bin:/usr/local/sbin

Yarn version: 
  1.22.4

Node version: 
  14.17.0

Platform: 
  darwin x64

Trace: 
  Error: ENOENT: no such file or directory, lstat '/Users/yiroyi/Library/Caches/Yarn/v6/npm-react-native-0.64.3-40db6385963b4b17325f9cc86dd19132394b03fc-integrity/node_modules/react-native/LICENSE'

npm manifest: 
  {
    "main": "node_modules/expo/AppEntry.js",
    "scripts": {
      "start": "expo start",
      "android": "expo start --android",
      "ios": "expo start --ios",
      "web": "expo start --web",
      "eject": "expo eject"
    },
    "dependencies": {
      "expo": "~43.0.2",
      "expo-status-bar": "~1.1.0",
      "react": "17.0.1",
      "react-dom": "17.0.1",
      "react-native": "0.64.3",
      "react-native-web": "0.17.1"
    },
    "devDependencies": {
      "@babel/core": "^7.12.9"
    },
    "private": true
  }

yarn manifest: 
  No manifest

Lockfile: 
  No lockfile
